Base path: /Applications/CODE/Unity 5.6.0/Unity 5.6.0.app/Contents
Cmd: initializeCompiler
Cmd: preprocess
  insize=2735 outsize=731 ok=1
Cmd: preprocess
  insize=972 outsize=177 ok=1
Cmd: preprocess
  insize=999 outsize=996 ok=1
Cmd: preprocess
  insize=2073 outsize=589 ok=1
Cmd: preprocess
  insize=1742 outsize=359 ok=1
Cmd: preprocess
  insize=2036 outsize=341 ok=1
Cmd: preprocess
  insize=1397 outsize=677 ok=1
Cmd: preprocess
  insize=1653 outsize=980 ok=1
Cmd: preprocess
  insize=4879 outsize=806 ok=1
Cmd: preprocess
  insize=1129 outsize=817 ok=1
Cmd: preprocess
  insize=1392 outsize=778 ok=1
Cmd: preprocess
  insize=1609 outsize=209 ok=1
Cmd: preprocess
  insize=4293 outsize=2233 ok=1
Cmd: preprocess
  insize=890 outsize=703 ok=1
Cmd: preprocess
  insize=886 outsize=217 ok=1
Cmd: preprocess
  insize=3276 outsize=2391 ok=1
Cmd: preprocess
  insize=1793 outsize=357 ok=1
Cmd: compileSnippet
  api=15 type=0 insize=1517 outsize=2071 kw= pd=UNITY_NO_DXT5nm UNITY_ENABLE_REFLECTION_BUFFERS UNITY_NO_SCREENSPACE_SHADOWS UNITY_PBS_USE_BRDF2 SHADER_API_DESKTOP UNITY_HARDWARE_TIER3 UNITY_COLORSPACE_GAMMA ok=1
Cmd: compileSnippet
  api=15 type=1 insize=1517 outsize=0 kw= pd=UNITY_NO_DXT5nm UNITY_ENABLE_REFLECTION_BUFFERS UNITY_NO_SCREENSPACE_SHADOWS UNITY_PBS_USE_BRDF2 SHADER_API_DESKTOP UNITY_HARDWARE_TIER3 UNITY_COLORSPACE_GAMMA ok=1
Cmd: compileSnippet
  api=15 type=0 insize=1517 outsize=2255 kw=UNITY_UI_ALPHACLIP pd=UNITY_NO_DXT5nm UNITY_ENABLE_REFLECTION_BUFFERS UNITY_NO_SCREENSPACE_SHADOWS UNITY_PBS_USE_BRDF2 SHADER_API_DESKTOP UNITY_HARDWARE_TIER3 UNITY_COLORSPACE_GAMMA ok=1
Cmd: compileSnippet
  api=15 type=1 insize=1517 outsize=0 kw=UNITY_UI_ALPHACLIP pd=UNITY_NO_DXT5nm UNITY_ENABLE_REFLECTION_BUFFERS UNITY_NO_SCREENSPACE_SHADOWS UNITY_PBS_USE_BRDF2 SHADER_API_DESKTOP UNITY_HARDWARE_TIER3 UNITY_COLORSPACE_GAMMA ok=1
Cmd: compileSnippet
  api=15 type=0 insize=1464 outsize=2350 kw= pd=UNITY_NO_DXT5nm UNITY_ENABLE_REFLECTION_BUFFERS UNITY_NO_SCREENSPACE_SHADOWS UNITY_PBS_USE_BRDF2 SHADER_API_DESKTOP UNITY_HARDWARE_TIER3 UNITY_COLORSPACE_GAMMA ok=1
Cmd: compileSnippet
  api=15 type=1 insize=1464 outsize=0 kw= pd=UNITY_NO_DXT5nm UNITY_ENABLE_REFLECTION_BUFFERS UNITY_NO_SCREENSPACE_SHADOWS UNITY_PBS_USE_BRDF2 SHADER_API_DESKTOP UNITY_HARDWARE_TIER3 UNITY_COLORSPACE_GAMMA ok=1
